[ 2018-08-10T15:24:53+08:00 ] ::1 /index.php?s=/Doc/feedback/index.html
INFO: [ app_init ] --START--
INFO: Run Behavior\BuildLiteBehavior [ RunTime:0.000000s ]
INFO: [ app_init ] --END-- [ RunTime:0.000000s ]
INFO: [ app_begin ] --START--
INFO: Run Behavior\ReadHtmlCacheBehavior [ RunTime:0.000000s ]
INFO: [ app_begin ] --END-- [ RunTime:0.000000s ]
NOTIC: [8192] mysql_query(): The mysql extension is deprecated and will be removed in the future: use mysqli or PDO instead D:\ProjectDelivery\web\App\Doc\Controller\FeedbackController.class.php 第 10 行.
INFO: [ view_parse ] --START--
INFO: [ template_filter ] --START--
INFO: Run Behavior\ContentReplaceBehavior [ RunTime:0.000000s ]
INFO: [ template_filter ] --END-- [ RunTime:0.000000s ]
INFO: Run Behavior\ParseTemplateBehavior [ RunTime:0.008000s ]
INFO: [ view_parse ] --END-- [ RunTime:0.009000s ]
INFO: [ view_filter ] --START--
INFO: Run Behavior\WriteHtmlCacheBehavior [ RunTime:0.000000s ]
INFO: [ view_filter ] --END-- [ RunTime:0.000000s ]
INFO: [ app_end ] --START--
INFO: Run Behavior\ShowPageTraceBehavior [ RunTime:0.001000s ]
INFO: [ app_end ] --END-- [ RunTime:0.001000s ]

[ 2018-08-10T15:24:54+08:00 ] ::1 /index.php/Doc/Feedback/MyFeedback.html
INFO: [ app_init ] --START--
INFO: Run Behavior\BuildLiteBehavior [ RunTime:0.000000s ]
INFO: [ app_init ] --END-- [ RunTime:0.000000s ]
INFO: [ app_begin ] --START--
INFO: Run Behavior\ReadHtmlCacheBehavior [ RunTime:0.000000s ]
INFO: [ app_begin ] --END-- [ RunTime:0.000000s ]
NOTIC: [8192] mysql_query(): The mysql extension is deprecated and will be removed in the future: use mysqli or PDO instead D:\ProjectDelivery\web\App\Doc\Controller\FeedbackController.class.php 第 10 行.
INFO: [ view_parse ] --START--
INFO: [ template_filter ] --START--
INFO: Run Behavior\ContentReplaceBehavior [ RunTime:0.001000s ]
INFO: [ template_filter ] --END-- [ RunTime:0.001000s ]
INFO: Run Behavior\ParseTemplateBehavior [ RunTime:0.007001s ]
INFO: [ view_parse ] --END-- [ RunTime:0.007001s ]
INFO: [ view_filter ] --START--
INFO: Run Behavior\WriteHtmlCacheBehavior [ RunTime:0.001000s ]
INFO: [ view_filter ] --END-- [ RunTime:0.001000s ]
INFO: [ app_end ] --START--
INFO: Run Behavior\ShowPageTraceBehavior [ RunTime:0.000000s ]
INFO: [ app_end ] --END-- [ RunTime:0.000000s ]

[ 2018-08-10T15:24:54+08:00 ] ::1 /index.php/Doc/Feedback/FeedbackList.html
INFO: [ app_init ] --START--
INFO: Run Behavior\BuildLiteBehavior [ RunTime:0.000000s ]
INFO: [ app_init ] --END-- [ RunTime:0.000000s ]
INFO: [ app_begin ] --START--
INFO: Run Behavior\ReadHtmlCacheBehavior [ RunTime:0.000000s ]
INFO: [ app_begin ] --END-- [ RunTime:0.000000s ]
NOTIC: [8192] mysql_query(): The mysql extension is deprecated and will be removed in the future: use mysqli or PDO instead D:\ProjectDelivery\web\App\Doc\Controller\FeedbackController.class.php 第 10 行.
ERR: 无法加载数据库驱动: Think\Db\Driver\

[ 2018-08-10T15:25:20+08:00 ] ::1 /index.php?s=/Doc/feedback/index.html
INFO: [ app_init ] --START--
INFO: Run Behavior\BuildLiteBehavior [ RunTime:0.000000s ]
INFO: [ app_init ] --END-- [ RunTime:0.001000s ]
INFO: [ app_begin ] --START--
INFO: Run Behavior\ReadHtmlCacheBehavior [ RunTime:0.000000s ]
INFO: [ app_begin ] --END-- [ RunTime:0.000000s ]
NOTIC: [8192] mysql_query(): The mysql extension is deprecated and will be removed in the future: use mysqli or PDO instead D:\ProjectDelivery\web\App\Doc\Controller\FeedbackController.class.php 第 10 行.
INFO: [ view_parse ] --START--
INFO: [ template_filter ] --START--
INFO: Run Behavior\ContentReplaceBehavior [ RunTime:0.000000s ]
INFO: [ template_filter ] --END-- [ RunTime:0.000000s ]
INFO: Run Behavior\ParseTemplateBehavior [ RunTime:0.008000s ]
INFO: [ view_parse ] --END-- [ RunTime:0.008000s ]
INFO: [ view_filter ] --START--
INFO: Run Behavior\WriteHtmlCacheBehavior [ RunTime:0.000000s ]
INFO: [ view_filter ] --END-- [ RunTime:0.000000s ]
INFO: [ app_end ] --START--
INFO: Run Behavior\ShowPageTraceBehavior [ RunTime:0.002000s ]
INFO: [ app_end ] --END-- [ RunTime:0.002000s ]

[ 2018-08-10T15:25:21+08:00 ] ::1 /index.php?s=/Doc/Feedback/MyFeedback.html
INFO: [ app_init ] --START--
INFO: Run Behavior\BuildLiteBehavior [ RunTime:0.000000s ]
INFO: [ app_init ] --END-- [ RunTime:0.000000s ]
INFO: [ app_begin ] --START--
INFO: Run Behavior\ReadHtmlCacheBehavior [ RunTime:0.001000s ]
INFO: [ app_begin ] --END-- [ RunTime:0.001000s ]
NOTIC: [8192] mysql_query(): The mysql extension is deprecated and will be removed in the future: use mysqli or PDO instead D:\ProjectDelivery\web\App\Doc\Controller\FeedbackController.class.php 第 10 行.
INFO: [ view_parse ] --START--
INFO: [ template_filter ] --START--
INFO: Run Behavior\ContentReplaceBehavior [ RunTime:0.001000s ]
INFO: [ template_filter ] --END-- [ RunTime:0.001000s ]
INFO: Run Behavior\ParseTemplateBehavior [ RunTime:0.006000s ]
INFO: [ view_parse ] --END-- [ RunTime:0.008000s ]
INFO: [ view_filter ] --START--
INFO: Run Behavior\WriteHtmlCacheBehavior [ RunTime:0.000000s ]
INFO: [ view_filter ] --END-- [ RunTime:0.000000s ]
INFO: [ app_end ] --START--
INFO: Run Behavior\ShowPageTraceBehavior [ RunTime:0.000000s ]
INFO: [ app_end ] --END-- [ RunTime:0.000000s ]

[ 2018-08-10T15:25:21+08:00 ] ::1 /index.php?s=/Doc/Feedback/FeedbackList.html
INFO: [ app_init ] --START--
INFO: Run Behavior\BuildLiteBehavior [ RunTime:0.000000s ]
INFO: [ app_init ] --END-- [ RunTime:0.000000s ]
INFO: [ app_begin ] --START--
INFO: Run Behavior\ReadHtmlCacheBehavior [ RunTime:0.001000s ]
INFO: [ app_begin ] --END-- [ RunTime:0.001000s ]
NOTIC: [8192] mysql_query(): The mysql extension is deprecated and will be removed in the future: use mysqli or PDO instead D:\ProjectDelivery\web\App\Doc\Controller\FeedbackController.class.php 第 10 行.
SQL: SELECT fb.id,fb.name,ps.name as project_name,
		pd.name as product_name,pc.name as classification_name,
		fb.submit_time,pr.name as priority 
		from feedback fb 
		JOIN project_source ps on fb.ps_id = ps.id 
		JOIN product pd on fb.pd_id = pd.id 
		JOIN problem_classification pc on fb.pc_id = pc.id 
		JOIN priority pr on fb.priority = pr.id  order by id desc limit 0,10  [ RunTime:0.0050s ]
SQL: SELECT count(*) as count
		from feedback fb 
		JOIN project_source ps on fb.ps_id = ps.id 
		JOIN product pd on fb.pd_id = pd.id 
		JOIN problem_classification pc on fb.pc_id = pc.id 
		JOIN priority pr on fb.priority = pr.id  [ RunTime:0.0050s ]

[ 2018-08-10T15:30:24+08:00 ] ::1 /index.php?s=/Doc/feedback/index.html
INFO: [ app_init ] --START--
INFO: Run Behavior\BuildLiteBehavior [ RunTime:0.000000s ]
INFO: [ app_init ] --END-- [ RunTime:0.000000s ]
INFO: [ app_begin ] --START--
INFO: Run Behavior\ReadHtmlCacheBehavior [ RunTime:0.001000s ]
INFO: [ app_begin ] --END-- [ RunTime:0.001000s ]
NOTIC: [8192] mysql_query(): The mysql extension is deprecated and will be removed in the future: use mysqli or PDO instead D:\ProjectDelivery\web\App\Doc\Controller\FeedbackController.class.php 第 10 行.
INFO: [ view_parse ] --START--
INFO: [ template_filter ] --START--
INFO: Run Behavior\ContentReplaceBehavior [ RunTime:0.000000s ]
INFO: [ template_filter ] --END-- [ RunTime:0.000000s ]
INFO: Run Behavior\ParseTemplateBehavior [ RunTime:0.007001s ]
INFO: [ view_parse ] --END-- [ RunTime:0.007001s ]
INFO: [ view_filter ] --START--
INFO: Run Behavior\WriteHtmlCacheBehavior [ RunTime:0.001000s ]
INFO: [ view_filter ] --END-- [ RunTime:0.001000s ]
INFO: [ app_end ] --START--
INFO: Run Behavior\ShowPageTraceBehavior [ RunTime:0.000000s ]
INFO: [ app_end ] --END-- [ RunTime:0.000000s ]

[ 2018-08-10T15:30:26+08:00 ] ::1 /index.php?s=/Doc/Feedback/MyFeedback.html
INFO: [ app_init ] --START--
INFO: Run Behavior\BuildLiteBehavior [ RunTime:0.000000s ]
INFO: [ app_init ] --END-- [ RunTime:0.001000s ]
INFO: [ app_begin ] --START--
INFO: Run Behavior\ReadHtmlCacheBehavior [ RunTime:0.001000s ]
INFO: [ app_begin ] --END-- [ RunTime:0.001000s ]
NOTIC: [8192] mysql_query(): The mysql extension is deprecated and will be removed in the future: use mysqli or PDO instead D:\ProjectDelivery\web\App\Doc\Controller\FeedbackController.class.php 第 10 行.
INFO: [ view_parse ] --START--
INFO: [ template_filter ] --START--
INFO: Run Behavior\ContentReplaceBehavior [ RunTime:0.000000s ]
INFO: [ template_filter ] --END-- [ RunTime:0.001000s ]
INFO: Run Behavior\ParseTemplateBehavior [ RunTime:0.009000s ]
INFO: [ view_parse ] --END-- [ RunTime:0.009000s ]
INFO: [ view_filter ] --START--
INFO: Run Behavior\WriteHtmlCacheBehavior [ RunTime:0.001000s ]
INFO: [ view_filter ] --END-- [ RunTime:0.001000s ]
INFO: [ app_end ] --START--
INFO: Run Behavior\ShowPageTraceBehavior [ RunTime:0.000000s ]
INFO: [ app_end ] --END-- [ RunTime:0.000000s ]

[ 2018-08-10T15:30:26+08:00 ] ::1 /index.php?s=/Doc/Feedback/FeedbackList.html
INFO: [ app_init ] --START--
INFO: Run Behavior\BuildLiteBehavior [ RunTime:0.000000s ]
INFO: [ app_init ] --END-- [ RunTime:0.001000s ]
INFO: [ app_begin ] --START--
INFO: Run Behavior\ReadHtmlCacheBehavior [ RunTime:0.001000s ]
INFO: [ app_begin ] --END-- [ RunTime:0.001000s ]
NOTIC: [8192] mysql_query(): The mysql extension is deprecated and will be removed in the future: use mysqli or PDO instead D:\ProjectDelivery\web\App\Doc\Controller\FeedbackController.class.php 第 10 行.
SQL: SELECT fb.id,fb.name,ps.name as project_name,
		pd.name as product_name,pc.name as classification_name,
		fb.submit_time,pr.name as priority 
		from feedback fb 
		JOIN project_source ps on fb.ps_id = ps.id 
		JOIN product pd on fb.pd_id = pd.id 
		JOIN problem_classification pc on fb.pc_id = pc.id 
		JOIN priority pr on fb.priority = pr.id  order by id desc limit 0,10  [ RunTime:0.0110s ]
SQL: SELECT count(*) as count
		from feedback fb 
		JOIN project_source ps on fb.ps_id = ps.id 
		JOIN product pd on fb.pd_id = pd.id 
		JOIN problem_classification pc on fb.pc_id = pc.id 
		JOIN priority pr on fb.priority = pr.id  [ RunTime:0.0050s ]

[ 2018-08-10T15:30:27+08:00 ] ::1 /index.php?s=/Doc/Feedback/ProductChoice.html
INFO: [ app_init ] --START--
INFO: Run Behavior\BuildLiteBehavior [ RunTime:0.000000s ]
INFO: [ app_init ] --END-- [ RunTime:0.001000s ]
INFO: [ app_begin ] --START--
INFO: Run Behavior\ReadHtmlCacheBehavior [ RunTime:0.001000s ]
INFO: [ app_begin ] --END-- [ RunTime:0.001000s ]
NOTIC: [8192] mysql_query(): The mysql extension is deprecated and will be removed in the future: use mysqli or PDO instead D:\ProjectDelivery\web\App\Doc\Controller\FeedbackController.class.php 第 10 行.
INFO: [ view_parse ] --START--
INFO: [ template_filter ] --START--
INFO: Run Behavior\ContentReplaceBehavior [ RunTime:0.000000s ]
INFO: [ template_filter ] --END-- [ RunTime:0.000000s ]
INFO: Run Behavior\ParseTemplateBehavior [ RunTime:0.006001s ]
INFO: [ view_parse ] --END-- [ RunTime:0.006001s ]
INFO: [ view_filter ] --START--
INFO: Run Behavior\WriteHtmlCacheBehavior [ RunTime:0.001000s ]
INFO: [ view_filter ] --END-- [ RunTime:0.001000s ]
INFO: [ app_end ] --START--
INFO: Run Behavior\ShowPageTraceBehavior [ RunTime:0.001000s ]
INFO: [ app_end ] --END-- [ RunTime:0.001000s ]

[ 2018-08-10T15:30:27+08:00 ] ::1 /index.php?s=/Doc/Feedback/ProductList.html
INFO: [ app_init ] --START--
INFO: Run Behavior\BuildLiteBehavior [ RunTime:0.000000s ]
INFO: [ app_init ] --END-- [ RunTime:0.000000s ]
INFO: [ app_begin ] --START--
INFO: Run Behavior\ReadHtmlCacheBehavior [ RunTime:0.001000s ]
INFO: [ app_begin ] --END-- [ RunTime:0.001000s ]
NOTIC: [8192] mysql_query(): The mysql extension is deprecated and will be removed in the future: use mysqli or PDO instead D:\ProjectDelivery\web\App\Doc\Controller\FeedbackController.class.php 第 10 行.
SQL: select ps.id as psid,ps.name as psname,
		p.id as pid,p.name as pname 
		from product_s ps inner join product p 
		on ps.f_id = p.id 
		where p.is_delete = 0 
		and ps.is_delete = 0 
		ORDER BY ps.id [ RunTime:0.0020s ]
NOTIC: [8] Undefined offset: 53 D:\ProjectDelivery\web\App\Doc\Controller\FeedbackController.class.php 第 56 行.

[ 2018-08-10T15:30:29+08:00 ] ::1 /index.php?s=/Doc/Feedback/SubmitMyFeedback.html&nID=43&oID=53
INFO: [ app_init ] --START--
INFO: Run Behavior\BuildLiteBehavior [ RunTime:0.000000s ]
INFO: [ app_init ] --END-- [ RunTime:0.000000s ]
INFO: [ app_begin ] --START--
INFO: Run Behavior\ReadHtmlCacheBehavior [ RunTime:0.001000s ]
INFO: [ app_begin ] --END-- [ RunTime:0.001000s ]
NOTIC: [8192] mysql_query(): The mysql extension is deprecated and will be removed in the future: use mysqli or PDO instead D:\ProjectDelivery\web\App\Doc\Controller\FeedbackController.class.php 第 10 行.
INFO: [ view_parse ] --START--
INFO: [ template_filter ] --START--
INFO: Run Behavior\ContentReplaceBehavior [ RunTime:0.000000s ]
INFO: [ template_filter ] --END-- [ RunTime:0.000000s ]
INFO: Run Behavior\ParseTemplateBehavior [ RunTime:0.006000s ]
INFO: [ view_parse ] --END-- [ RunTime:0.006000s ]
INFO: [ view_filter ] --START--
INFO: Run Behavior\WriteHtmlCacheBehavior [ RunTime:0.000000s ]
INFO: [ view_filter ] --END-- [ RunTime:0.000000s ]
INFO: [ app_end ] --START--
INFO: Run Behavior\ShowPageTraceBehavior [ RunTime:0.000000s ]
INFO: [ app_end ] --END-- [ RunTime:0.000000s ]

[ 2018-08-10T15:30:29+08:00 ] ::1 /index.php?s=/Doc/Feedback/DropdownBoxList.html
INFO: [ app_init ] --START--
INFO: Run Behavior\BuildLiteBehavior [ RunTime:0.000000s ]
INFO: [ app_init ] --END-- [ RunTime:0.001000s ]
INFO: [ app_begin ] --START--
INFO: Run Behavior\ReadHtmlCacheBehavior [ RunTime:0.001000s ]
INFO: [ app_begin ] --END-- [ RunTime:0.001000s ]
NOTIC: [8192] mysql_query(): The mysql extension is deprecated and will be removed in the future: use mysqli or PDO instead D:\ProjectDelivery\web\App\Doc\Controller\FeedbackController.class.php 第 10 行.
SQL: SELECT id as pc_id,name 
		from problem_classification 
		where is_delete = 0  [ RunTime:0.0040s ]
SQL: SELECT id as ps_id,name 
		from project_source [ RunTime:0.0020s ]

[ 2018-08-10T15:36:16+08:00 ] ::1 /
INFO: [ app_init ] --START--
INFO: Run Behavior\BuildLiteBehavior [ RunTime:0.000000s ]
INFO: [ app_init ] --END-- [ RunTime:0.000000s ]
INFO: [ app_begin ] --START--
INFO: Run Behavior\ReadHtmlCacheBehavior [ RunTime:0.001000s ]
INFO: [ app_begin ] --END-- [ RunTime:0.001000s ]
INFO: [ view_parse ] --START--
INFO: [ template_filter ] --START--
INFO: Run Behavior\ContentReplaceBehavior [ RunTime:0.001000s ]
INFO: [ template_filter ] --END-- [ RunTime:0.001000s ]
INFO: Run Behavior\ParseTemplateBehavior [ RunTime:0.011001s ]
INFO: [ view_parse ] --END-- [ RunTime:0.011001s ]
INFO: [ view_filter ] --START--
INFO: Run Behavior\WriteHtmlCacheBehavior [ RunTime:0.001000s ]
INFO: [ view_filter ] --END-- [ RunTime:0.001000s ]
INFO: [ app_end ] --START--
INFO: Run Behavior\ShowPageTraceBehavior [ RunTime:0.000000s ]
INFO: [ app_end ] --END-- [ RunTime:0.000000s ]

[ 2018-08-10T15:36:27+08:00 ] ::1 /index.php?s=/Doc/Login/dologin.html
INFO: [ app_init ] --START--
INFO: Run Behavior\BuildLiteBehavior [ RunTime:0.000000s ]
INFO: [ app_init ] --END-- [ RunTime:0.001000s ]
INFO: [ app_begin ] --START--
INFO: Run Behavior\ReadHtmlCacheBehavior [ RunTime:0.001001s ]
INFO: [ app_begin ] --END-- [ RunTime:0.001001s ]
SQL: SELECT * FROM person where name = 'admin'  [ RunTime:0.0030s ]
SQL: select * from person where name = 'admin' and password= 'e10adc3949ba59abbe56e057f20f883e' [ RunTime:0.0070s ]

[ 2018-08-10T15:36:27+08:00 ] ::1 /index.php?s=/Doc/Index/index.html
INFO: [ app_init ] --START--
INFO: Run Behavior\BuildLiteBehavior [ RunTime:0.000000s ]
INFO: [ app_init ] --END-- [ RunTime:0.000000s ]
INFO: [ app_begin ] --START--
INFO: Run Behavior\ReadHtmlCacheBehavior [ RunTime:0.001000s ]
INFO: [ app_begin ] --END-- [ RunTime:0.001000s ]
INFO: [ view_parse ] --START--
INFO: [ template_filter ] --START--
INFO: Run Behavior\ContentReplaceBehavior [ RunTime:0.000000s ]
INFO: [ template_filter ] --END-- [ RunTime:0.001000s ]
INFO: Run Behavior\ParseTemplateBehavior [ RunTime:0.009001s ]
INFO: [ view_parse ] --END-- [ RunTime:0.009001s ]
INFO: [ view_filter ] --START--
INFO: Run Behavior\WriteHtmlCacheBehavior [ RunTime:0.000000s ]
INFO: [ view_filter ] --END-- [ RunTime:0.000000s ]
INFO: [ app_end ] --START--
INFO: Run Behavior\ShowPageTraceBehavior [ RunTime:0.001000s ]
INFO: [ app_end ] --END-- [ RunTime:0.001000s ]

[ 2018-08-10T15:36:29+08:00 ] ::1 /index.php?s=/Doc/Feedback/MyFeedback.html
INFO: [ app_init ] --START--
INFO: Run Behavior\BuildLiteBehavior [ RunTime:0.000000s ]
INFO: [ app_init ] --END-- [ RunTime:0.000000s ]
INFO: [ app_begin ] --START--
INFO: Run Behavior\ReadHtmlCacheBehavior [ RunTime:0.001000s ]
INFO: [ app_begin ] --END-- [ RunTime:0.001000s ]
NOTIC: [8192] mysql_query(): The mysql extension is deprecated and will be removed in the future: use mysqli or PDO instead D:\ProjectDelivery\web\App\Doc\Controller\FeedbackController.class.php 第 10 行.
INFO: [ view_parse ] --START--
INFO: [ template_filter ] --START--
INFO: Run Behavior\ContentReplaceBehavior [ RunTime:0.000000s ]
INFO: [ template_filter ] --END-- [ RunTime:0.000000s ]
INFO: Run Behavior\ParseTemplateBehavior [ RunTime:0.081005s ]
INFO: [ view_parse ] --END-- [ RunTime:0.081005s ]
INFO: [ view_filter ] --START--
INFO: Run Behavior\WriteHtmlCacheBehavior [ RunTime:0.000000s ]
INFO: [ view_filter ] --END-- [ RunTime:0.000000s ]
INFO: [ app_end ] --START--
INFO: Run Behavior\ShowPageTraceBehavior [ RunTime:0.001000s ]
INFO: [ app_end ] --END-- [ RunTime:0.001000s ]

[ 2018-08-10T15:36:29+08:00 ] ::1 /index.php?s=/Doc/Feedback/FeedbackList.html
INFO: [ app_init ] --START--
INFO: Run Behavior\BuildLiteBehavior [ RunTime:0.000000s ]
INFO: [ app_init ] --END-- [ RunTime:0.001000s ]
INFO: [ app_begin ] --START--
INFO: Run Behavior\ReadHtmlCacheBehavior [ RunTime:0.000000s ]
INFO: [ app_begin ] --END-- [ RunTime:0.000000s ]
NOTIC: [8192] mysql_query(): The mysql extension is deprecated and will be removed in the future: use mysqli or PDO instead D:\ProjectDelivery\web\App\Doc\Controller\FeedbackController.class.php 第 10 行.
SQL: SELECT fb.id,fb.name,ps.name as project_name,
		pd.name as product_name,pc.name as classification_name,
		fb.submit_time,pr.name as priority 
		from feedback fb 
		JOIN project_source ps on fb.ps_id = ps.id 
		JOIN product pd on fb.pd_id = pd.id 
		JOIN problem_classification pc on fb.pc_id = pc.id 
		JOIN priority pr on fb.priority = pr.id  order by id desc limit 0,10  [ RunTime:0.0050s ]
SQL: SELECT count(*) as count
		from feedback fb 
		JOIN project_source ps on fb.ps_id = ps.id 
		JOIN product pd on fb.pd_id = pd.id 
		JOIN problem_classification pc on fb.pc_id = pc.id 
		JOIN priority pr on fb.priority = pr.id  [ RunTime:0.0040s ]

[ 2018-08-10T15:36:31+08:00 ] ::1 /index.php?s=/Doc/Feedback/ProductChoice.html
INFO: [ app_init ] --START--
INFO: Run Behavior\BuildLiteBehavior [ RunTime:0.000000s ]
INFO: [ app_init ] --END-- [ RunTime:0.001000s ]
INFO: [ app_begin ] --START--
INFO: Run Behavior\ReadHtmlCacheBehavior [ RunTime:0.001000s ]
INFO: [ app_begin ] --END-- [ RunTime:0.001000s ]
NOTIC: [8192] mysql_query(): The mysql extension is deprecated and will be removed in the future: use mysqli or PDO instead D:\ProjectDelivery\web\App\Doc\Controller\FeedbackController.class.php 第 10 行.
INFO: [ view_parse ] --START--
INFO: [ template_filter ] --START--
INFO: Run Behavior\ContentReplaceBehavior [ RunTime:0.000000s ]
INFO: [ template_filter ] --END-- [ RunTime:0.000000s ]
INFO: Run Behavior\ParseTemplateBehavior [ RunTime:0.006001s ]
INFO: [ view_parse ] --END-- [ RunTime:0.006001s ]
INFO: [ view_filter ] --START--
INFO: Run Behavior\WriteHtmlCacheBehavior [ RunTime:0.000000s ]
INFO: [ view_filter ] --END-- [ RunTime:0.000000s ]
INFO: [ app_end ] --START--
INFO: Run Behavior\ShowPageTraceBehavior [ RunTime:0.001000s ]
INFO: [ app_end ] --END-- [ RunTime:0.001000s ]

[ 2018-08-10T15:36:31+08:00 ] ::1 /index.php?s=/Doc/Feedback/ProductList.html
INFO: [ app_init ] --START--
INFO: Run Behavior\BuildLiteBehavior [ RunTime:0.000000s ]
INFO: [ app_init ] --END-- [ RunTime:0.000000s ]
INFO: [ app_begin ] --START--
INFO: Run Behavior\ReadHtmlCacheBehavior [ RunTime:0.000000s ]
INFO: [ app_begin ] --END-- [ RunTime:0.000000s ]
NOTIC: [8192] mysql_query(): The mysql extension is deprecated and will be removed in the future: use mysqli or PDO instead D:\ProjectDelivery\web\App\Doc\Controller\FeedbackController.class.php 第 10 行.
SQL: select ps.id as psid,ps.name as psname,
		p.id as pid,p.name as pname 
		from product_s ps inner join product p 
		on ps.f_id = p.id 
		where p.is_delete = 0 
		and ps.is_delete = 0 
		ORDER BY ps.id [ RunTime:0.0030s ]
NOTIC: [8] Undefined offset: 53 D:\ProjectDelivery\web\App\Doc\Controller\FeedbackController.class.php 第 56 行.

[ 2018-08-10T15:36:33+08:00 ] ::1 /index.php?s=/Doc/KnowledgeSharing/index.html
INFO: [ app_init ] --START--
INFO: Run Behavior\BuildLiteBehavior [ RunTime:0.000000s ]
INFO: [ app_init ] --END-- [ RunTime:0.001001s ]
INFO: [ app_begin ] --START--
INFO: Run Behavior\ReadHtmlCacheBehavior [ RunTime:0.001000s ]
INFO: [ app_begin ] --END-- [ RunTime:0.001000s ]
NOTIC: [8192] Non-static method Doc\Model\KnowledgeSharingModel::menu() should not be called statically, assuming $this from incompatible context D:\ProjectDelivery\web\App\Doc\Controller\KnowledgeSharingController.class.php 第 21 行.
SQL: SELECT flm.name as pname,
                flm.id as pid,
                slm.name as psname,
                slm.id as psid
                FROM FirstLevelMenu flm 
                JOIN SecondLevelMenu slm 
                on flm.id = slm.f_id [ RunTime:0.0160s ]
NOTIC: [8] Undefined variable: sql_res D:\ProjectDelivery\web\App\Doc\Controller\KnowledgeSharingController.class.php 第 20 行.
NOTIC: [8] Undefined offset: 1 D:\ProjectDelivery\web\App\Doc\Controller\KnowledgeSharingController.class.php 第 28 行.
NOTIC: [8] Undefined offset: 2 D:\ProjectDelivery\web\App\Doc\Controller\KnowledgeSharingController.class.php 第 28 行.
NOTIC: [8] Undefined offset: 3 D:\ProjectDelivery\web\App\Doc\Controller\KnowledgeSharingController.class.php 第 28 行.
NOTIC: [8] Undefined offset: 4 D:\ProjectDelivery\web\App\Doc\Controller\KnowledgeSharingController.class.php 第 28 行.
INFO: [ view_parse ] --START--
INFO: [ template_filter ] --START--
INFO: Run Behavior\ContentReplaceBehavior [ RunTime:0.000000s ]
INFO: [ template_filter ] --END-- [ RunTime:0.000000s ]
NOTIC: [8] Use of undefined constant pname - assumed 'pname' D:\ProjectDelivery\web\App\Runtime\Cache\Doc\26261c5b7aaa35cb5674316f5bd5017d.php 第 79 行.
NOTIC: [8] Use of undefined constant child - assumed 'child' D:\ProjectDelivery\web\App\Runtime\Cache\Doc\26261c5b7aaa35cb5674316f5bd5017d.php 第 81 行.
NOTIC: [8] Use of undefined constant child - assumed 'child' D:\ProjectDelivery\web\App\Runtime\Cache\Doc\26261c5b7aaa35cb5674316f5bd5017d.php 第 81 行.
NOTIC: [8] Use of undefined constant cid - assumed 'cid' D:\ProjectDelivery\web\App\Runtime\Cache\Doc\26261c5b7aaa35cb5674316f5bd5017d.php 第 82 行.
NOTIC: [8] Use of undefined constant cname - assumed 'cname' D:\ProjectDelivery\web\App\Runtime\Cache\Doc\26261c5b7aaa35cb5674316f5bd5017d.php 第 82 行.
NOTIC: [8] Use of undefined constant cid - assumed 'cid' D:\ProjectDelivery\web\App\Runtime\Cache\Doc\26261c5b7aaa35cb5674316f5bd5017d.php 第 82 行.
NOTIC: [8] Use of undefined constant cname - assumed 'cname' D:\ProjectDelivery\web\App\Runtime\Cache\Doc\26261c5b7aaa35cb5674316f5bd5017d.php 第 83 行.
NOTIC: [8] Use of undefined constant cid - assumed 'cid' D:\ProjectDelivery\web\App\Runtime\Cache\Doc\26261c5b7aaa35cb5674316f5bd5017d.php 第 82 行.
NOTIC: [8] Use of undefined constant cname - assumed 'cname' D:\ProjectDelivery\web\App\Runtime\Cache\Doc\26261c5b7aaa35cb5674316f5bd5017d.php 第 82 行.
NOTIC: [8] Use of undefined constant cid - assumed 'cid' D:\ProjectDelivery\web\App\Runtime\Cache\Doc\26261c5b7aaa35cb5674316f5bd5017d.php 第 82 行.
NOTIC: [8] Use of undefined constant cname - assumed 'cname' D:\ProjectDelivery\web\App\Runtime\Cache\Doc\26261c5b7aaa35cb5674316f5bd5017d.php 第 83 行.
NOTIC: [8] Use of undefined constant cid - assumed 'cid' D:\ProjectDelivery\web\App\Runtime\Cache\Doc\26261c5b7aaa35cb5674316f5bd5017d.php 第 82 行.
NOTIC: [8] Use of undefined constant cname - assumed 'cname' D:\ProjectDelivery\web\App\Runtime\Cache\Doc\26261c5b7aaa35cb5674316f5bd5017d.php 第 82 行.
NOTIC: [8] Use of undefined constant cid - assumed 'cid' D:\ProjectDelivery\web\App\Runtime\Cache\Doc\26261c5b7aaa35cb5674316f5bd5017d.php 第 82 行.
NOTIC: [8] Use of undefined constant cname - assumed 'cname' D:\ProjectDelivery\web\App\Runtime\Cache\Doc\26261c5b7aaa35cb5674316f5bd5017d.php 第 83 行.
NOTIC: [8] Use of undefined constant pname - assumed 'pname' D:\ProjectDelivery\web\App\Runtime\Cache\Doc\26261c5b7aaa35cb5674316f5bd5017d.php 第 79 行.
NOTIC: [8] Use of undefined constant child - assumed 'child' D:\ProjectDelivery\web\App\Runtime\Cache\Doc\26261c5b7aaa35cb5674316f5bd5017d.php 第 81 行.
NOTIC: [8] Use of undefined constant child - assumed 'child' D:\ProjectDelivery\web\App\Runtime\Cache\Doc\26261c5b7aaa35cb5674316f5bd5017d.php 第 81 行.
NOTIC: [8] Use of undefined constant cid - assumed 'cid' D:\ProjectDelivery\web\App\Runtime\Cache\Doc\26261c5b7aaa35cb5674316f5bd5017d.php 第 82 行.
NOTIC: [8] Use of undefined constant cname - assumed 'cname' D:\ProjectDelivery\web\App\Runtime\Cache\Doc\26261c5b7aaa35cb5674316f5bd5017d.php 第 82 行.
NOTIC: [8] Use of undefined constant cid - assumed 'cid' D:\ProjectDelivery\web\App\Runtime\Cache\Doc\26261c5b7aaa35cb5674316f5bd5017d.php 第 82 行.
NOTIC: [8] Use of undefined constant cname - assumed 'cname' D:\ProjectDelivery\web\App\Runtime\Cache\Doc\26261c5b7aaa35cb5674316f5bd5017d.php 第 83 行.
NOTIC: [8] Use of undefined constant cid - assumed 'cid' D:\ProjectDelivery\web\App\Runtime\Cache\Doc\26261c5b7aaa35cb5674316f5bd5017d.php 第 82 行.
NOTIC: [8] Use of undefined constant cname - assumed 'cname' D:\ProjectDelivery\web\App\Runtime\Cache\Doc\26261c5b7aaa35cb5674316f5bd5017d.php 第 82 行.
NOTIC: [8] Use of undefined constant cid - assumed 'cid' D:\ProjectDelivery\web\App\Runtime\Cache\Doc\26261c5b7aaa35cb5674316f5bd5017d.php 第 82 行.
NOTIC: [8] Use of undefined constant cname - assumed 'cname' D:\ProjectDelivery\web\App\Runtime\Cache\Doc\26261c5b7aaa35cb5674316f5bd5017d.php 第 83 行.
NOTIC: [8] Use of undefined constant cid - assumed 'cid' D:\ProjectDelivery\web\App\Runtime\Cache\Doc\26261c5b7aaa35cb5674316f5bd5017d.php 第 82 行.
NOTIC: [8] Use of undefined constant cname - assumed 'cname' D:\ProjectDelivery\web\App\Runtime\Cache\Doc\26261c5b7aaa35cb5674316f5bd5017d.php 第 82 行.
NOTIC: [8] Use of undefined constant cid - assumed 'cid' D:\ProjectDelivery\web\App\Runtime\Cache\Doc\26261c5b7aaa35cb5674316f5bd5017d.php 第 82 行.
NOTIC: [8] Use of undefined constant cname - assumed 'cname' D:\ProjectDelivery\web\App\Runtime\Cache\Doc\26261c5b7aaa35cb5674316f5bd5017d.php 第 83 行.
NOTIC: [8] Use of undefined constant pname - assumed 'pname' D:\ProjectDelivery\web\App\Runtime\Cache\Doc\26261c5b7aaa35cb5674316f5bd5017d.php 第 79 行.
NOTIC: [8] Use of undefined constant child - assumed 'child' D:\ProjectDelivery\web\App\Runtime\Cache\Doc\26261c5b7aaa35cb5674316f5bd5017d.php 第 81 行.
NOTIC: [8] Use of undefined constant child - assumed 'child' D:\ProjectDelivery\web\App\Runtime\Cache\Doc\26261c5b7aaa35cb5674316f5bd5017d.php 第 81 行.
NOTIC: [8] Use of undefined constant cid - assumed 'cid' D:\ProjectDelivery\web\App\Runtime\Cache\Doc\26261c5b7aaa35cb5674316f5bd5017d.php 第 82 行.
NOTIC: [8] Use of undefined constant cname - assumed 'cname' D:\ProjectDelivery\web\App\Runtime\Cache\Doc\26261c5b7aaa35cb5674316f5bd5017d.php 第 82 行.
NOTIC: [8] Use of undefined constant cid - assumed 'cid' D:\ProjectDelivery\web\App\Runtime\Cache\Doc\26261c5b7aaa35cb5674316f5bd5017d.php 第 82 行.
NOTIC: [8] Use of undefined constant cname - assumed 'cname' D:\ProjectDelivery\web\App\Runtime\Cache\Doc\26261c5b7aaa35cb5674316f5bd5017d.php 第 83 行.
NOTIC: [8] Use of undefined constant cid - assumed 'cid' D:\ProjectDelivery\web\App\Runtime\Cache\Doc\26261c5b7aaa35cb5674316f5bd5017d.php 第 82 行.
NOTIC: [8] Use of undefined constant cname - assumed 'cname' D:\ProjectDelivery\web\App\Runtime\Cache\Doc\26261c5b7aaa35cb5674316f5bd5017d.php 第 82 行.
NOTIC: [8] Use of undefined constant cid - assumed 'cid' D:\ProjectDelivery\web\App\Runtime\Cache\Doc\26261c5b7aaa35cb5674316f5bd5017d.php 第 82 行.
NOTIC: [8] Use of undefined constant cname - assumed 'cname' D:\ProjectDelivery\web\App\Runtime\Cache\Doc\26261c5b7aaa35cb5674316f5bd5017d.php 第 83 行.
NOTIC: [8] Use of undefined constant cid - assumed 'cid' D:\ProjectDelivery\web\App\Runtime\Cache\Doc\26261c5b7aaa35cb5674316f5bd5017d.php 第 82 行.
NOTIC: [8] Use of undefined constant cname - assumed 'cname' D:\ProjectDelivery\web\App\Runtime\Cache\Doc\26261c5b7aaa35cb5674316f5bd5017d.php 第 82 行.
NOTIC: [8] Use of undefined constant cid - assumed 'cid' D:\ProjectDelivery\web\App\Runtime\Cache\Doc\26261c5b7aaa35cb5674316f5bd5017d.php 第 82 行.
NOTIC: [8] Use of undefined constant cname - assumed 'cname' D:\ProjectDelivery\web\App\Runtime\Cache\Doc\26261c5b7aaa35cb5674316f5bd5017d.php 第 83 行.
NOTIC: [8] Use of undefined constant pname - assumed 'pname' D:\ProjectDelivery\web\App\Runtime\Cache\Doc\26261c5b7aaa35cb5674316f5bd5017d.php 第 79 行.
NOTIC: [8] Use of undefined constant child - assumed 'child' D:\ProjectDelivery\web\App\Runtime\Cache\Doc\26261c5b7aaa35cb5674316f5bd5017d.php 第 81 行.
NOTIC: [8] Use of undefined constant child - assumed 'child' D:\ProjectDelivery\web\App\Runtime\Cache\Doc\26261c5b7aaa35cb5674316f5bd5017d.php 第 81 行.
NOTIC: [8] Use of undefined constant cid - assumed 'cid' D:\ProjectDelivery\web\App\Runtime\Cache\Doc\26261c5b7aaa35cb5674316f5bd5017d.php 第 82 行.
NOTIC: [8] Use of undefined constant cname - assumed 'cname' D:\ProjectDelivery\web\App\Runtime\Cache\Doc\26261c5b7aaa35cb5674316f5bd5017d.php 第 82 行.
NOTIC: [8] Use of undefined constant cid - assumed 'cid' D:\ProjectDelivery\web\App\Runtime\Cache\Doc\26261c5b7aaa35cb5674316f5bd5017d.php 第 82 行.
NOTIC: [8] Use of undefined constant cname - assumed 'cname' D:\ProjectDelivery\web\App\Runtime\Cache\Doc\26261c5b7aaa35cb5674316f5bd5017d.php 第 83 行.
NOTIC: [8] Use of undefined constant cid - assumed 'cid' D:\ProjectDelivery\web\App\Runtime\Cache\Doc\26261c5b7aaa35cb5674316f5bd5017d.php 第 82 行.
NOTIC: [8] Use of undefined constant cname - assumed 'cname' D:\ProjectDelivery\web\App\Runtime\Cache\Doc\26261c5b7aaa35cb5674316f5bd5017d.php 第 82 行.
NOTIC: [8] Use of undefined constant cid - assumed 'cid' D:\ProjectDelivery\web\App\Runtime\Cache\Doc\26261c5b7aaa35cb5674316f5bd5017d.php 第 82 行.
NOTIC: [8] Use of undefined constant cname - assumed 'cname' D:\ProjectDelivery\web\App\Runtime\Cache\Doc\26261c5b7aaa35cb5674316f5bd5017d.php 第 83 行.
INFO: Run Behavior\ParseTemplateBehavior [ RunTime:0.014001s ]
INFO: [ view_parse ] --END-- [ RunTime:0.014001s ]
INFO: [ view_filter ] --START--
INFO: Run Behavior\WriteHtmlCacheBehavior [ RunTime:0.000000s ]
INFO: [ view_filter ] --END-- [ RunTime:0.000000s ]
INFO: [ app_end ] --START--
INFO: Run Behavior\ShowPageTraceBehavior [ RunTime:0.001000s ]
INFO: [ app_end ] --END-- [ RunTime:0.001000s ]

[ 2018-08-10T15:36:35+08:00 ] ::1 /index.php?s=/Doc/KnowledgeSharing/document.html&f_id=1
INFO: [ app_init ] --START--
INFO: Run Behavior\BuildLiteBehavior [ RunTime:0.000000s ]
INFO: [ app_init ] --END-- [ RunTime:0.000000s ]
INFO: [ app_begin ] --START--
INFO: Run Behavior\ReadHtmlCacheBehavior [ RunTime:0.000000s ]
INFO: [ app_begin ] --END-- [ RunTime:0.000000s ]
INFO: [ view_parse ] --START--
INFO: [ template_filter ] --START--
INFO: Run Behavior\ContentReplaceBehavior [ RunTime:0.000000s ]
INFO: [ template_filter ] --END-- [ RunTime:0.000000s ]
INFO: Run Behavior\ParseTemplateBehavior [ RunTime:0.007000s ]
INFO: [ view_parse ] --END-- [ RunTime:0.007000s ]
INFO: [ view_filter ] --START--
INFO: Run Behavior\WriteHtmlCacheBehavior [ RunTime:0.001000s ]
INFO: [ view_filter ] --END-- [ RunTime:0.001000s ]
INFO: [ app_end ] --START--
INFO: Run Behavior\ShowPageTraceBehavior [ RunTime:0.001000s ]
INFO: [ app_end ] --END-- [ RunTime:0.001000s ]

[ 2018-08-10T15:36:35+08:00 ] ::1 /index.php?s=/Doc/KnowledgeSharing/articlesList.html
INFO: [ app_init ] --START--
INFO: Run Behavior\BuildLiteBehavior [ RunTime:0.000000s ]
INFO: [ app_init ] --END-- [ RunTime:0.000000s ]
INFO: [ app_begin ] --START--
INFO: Run Behavior\ReadHtmlCacheBehavior [ RunTime:0.001000s ]
INFO: [ app_begin ] --END-- [ RunTime:0.001000s ]
NOTIC: [8192] Non-static method Doc\Model\KnowledgeSharingModel::articlesList() should not be called statically, assuming $this from incompatible context D:\ProjectDelivery\web\App\Doc\Controller\KnowledgeSharingController.class.php 第 64 行.
SQL: SELECT id,name,keywords,
    	author,submit_time,read_number,
    	comment_number,is_top,href
    	FROM KnowledgeDocument
		where is_top = 1 and f_id = 1  
      	and name like '%%' [ RunTime:0.0040s ]
SQL: SELECT id,name,keywords,
    	author,submit_time,read_number,
    	comment_number,is_top,href
    	FROM KnowledgeDocument
		where is_top = 0 and f_id = 1 
        and name like '%%'  [ RunTime:0.0080s ]

[ 2018-08-10T15:36:51+08:00 ] ::1 /index.php?s=/Doc/feedback/index.html
INFO: [ app_init ] --START--
INFO: Run Behavior\BuildLiteBehavior [ RunTime:0.000000s ]
INFO: [ app_init ] --END-- [ RunTime:0.000000s ]
INFO: [ app_begin ] --START--
INFO: Run Behavior\ReadHtmlCacheBehavior [ RunTime:0.000000s ]
INFO: [ app_begin ] --END-- [ RunTime:0.000000s ]
NOTIC: [8192] mysql_query(): The mysql extension is deprecated and will be removed in the future: use mysqli or PDO instead D:\ProjectDelivery\web\App\Doc\Controller\FeedbackController.class.php 第 10 行.
INFO: [ view_parse ] --START--
INFO: [ template_filter ] --START--
INFO: Run Behavior\ContentReplaceBehavior [ RunTime:0.000000s ]
INFO: [ template_filter ] --END-- [ RunTime:0.000000s ]
INFO: Run Behavior\ParseTemplateBehavior [ RunTime:0.008001s ]
INFO: [ view_parse ] --END-- [ RunTime:0.008001s ]
INFO: [ view_filter ] --START--
INFO: Run Behavior\WriteHtmlCacheBehavior [ RunTime:0.000000s ]
INFO: [ view_filter ] --END-- [ RunTime:0.000000s ]
INFO: [ app_end ] --START--
INFO: Run Behavior\ShowPageTraceBehavior [ RunTime:0.001000s ]
INFO: [ app_end ] --END-- [ RunTime:0.001000s ]

[ 2018-08-10T15:36:53+08:00 ] ::1 /index.php?s=/Doc/Feedback/MyFeedback.html
INFO: [ app_init ] --START--
INFO: Run Behavior\BuildLiteBehavior [ RunTime:0.000000s ]
INFO: [ app_init ] --END-- [ RunTime:0.000000s ]
INFO: [ app_begin ] --START--
INFO: Run Behavior\ReadHtmlCacheBehavior [ RunTime:0.000000s ]
INFO: [ app_begin ] --END-- [ RunTime:0.000000s ]
NOTIC: [8192] mysql_query(): The mysql extension is deprecated and will be removed in the future: use mysqli or PDO instead D:\ProjectDelivery\web\App\Doc\Controller\FeedbackController.class.php 第 10 行.
INFO: [ view_parse ] --START--
INFO: [ template_filter ] --START--
INFO: Run Behavior\ContentReplaceBehavior [ RunTime:0.000000s ]
INFO: [ template_filter ] --END-- [ RunTime:0.000000s ]
INFO: Run Behavior\ParseTemplateBehavior [ RunTime:0.009001s ]
INFO: [ view_parse ] --END-- [ RunTime:0.009001s ]
INFO: [ view_filter ] --START--
INFO: Run Behavior\WriteHtmlCacheBehavior [ RunTime:0.000000s ]
INFO: [ view_filter ] --END-- [ RunTime:0.000000s ]
INFO: [ app_end ] --START--
INFO: Run Behavior\ShowPageTraceBehavior [ RunTime:0.000000s ]
INFO: [ app_end ] --END-- [ RunTime:0.001000s ]

[ 2018-08-10T15:36:53+08:00 ] ::1 /index.php?s=/Doc/Feedback/FeedbackList.html
INFO: [ app_init ] --START--
INFO: Run Behavior\BuildLiteBehavior [ RunTime:0.000000s ]
INFO: [ app_init ] --END-- [ RunTime:0.001000s ]
INFO: [ app_begin ] --START--
INFO: Run Behavior\ReadHtmlCacheBehavior [ RunTime:0.001000s ]
INFO: [ app_begin ] --END-- [ RunTime:0.001000s ]
NOTIC: [8192] mysql_query(): The mysql extension is deprecated and will be removed in the future: use mysqli or PDO instead D:\ProjectDelivery\web\App\Doc\Controller\FeedbackController.class.php 第 10 行.
SQL: SELECT fb.id,fb.name,ps.name as project_name,
		pd.name as product_name,pc.name as classification_name,
		fb.submit_time,pr.name as priority 
		from feedback fb 
		JOIN project_source ps on fb.ps_id = ps.id 
		JOIN product pd on fb.pd_id = pd.id 
		JOIN problem_classification pc on fb.pc_id = pc.id 
		JOIN priority pr on fb.priority = pr.id  order by id desc limit 0,10  [ RunTime:0.0100s ]
SQL: SELECT count(*) as count
		from feedback fb 
		JOIN project_source ps on fb.ps_id = ps.id 
		JOIN product pd on fb.pd_id = pd.id 
		JOIN problem_classification pc on fb.pc_id = pc.id 
		JOIN priority pr on fb.priority = pr.id  [ RunTime:0.0040s ]

[ 2018-08-10T15:36:54+08:00 ] ::1 /index.php?s=/Doc/Feedback/ProductChoice.html
INFO: [ app_init ] --START--
INFO: Run Behavior\BuildLiteBehavior [ RunTime:0.000000s ]
INFO: [ app_init ] --END-- [ RunTime:0.001000s ]
INFO: [ app_begin ] --START--
INFO: Run Behavior\ReadHtmlCacheBehavior [ RunTime:0.001000s ]
INFO: [ app_begin ] --END-- [ RunTime:0.001000s ]
NOTIC: [8192] mysql_query(): The mysql extension is deprecated and will be removed in the future: use mysqli or PDO instead D:\ProjectDelivery\web\App\Doc\Controller\FeedbackController.class.php 第 10 行.
INFO: [ view_parse ] --START--
INFO: [ template_filter ] --START--
INFO: Run Behavior\ContentReplaceBehavior [ RunTime:0.000000s ]
INFO: [ template_filter ] --END-- [ RunTime:0.000000s ]
INFO: Run Behavior\ParseTemplateBehavior [ RunTime:0.006000s ]
INFO: [ view_parse ] --END-- [ RunTime:0.006000s ]
INFO: [ view_filter ] --START--
INFO: Run Behavior\WriteHtmlCacheBehavior [ RunTime:0.001000s ]
INFO: [ view_filter ] --END-- [ RunTime:0.001000s ]
INFO: [ app_end ] --START--
INFO: Run Behavior\ShowPageTraceBehavior [ RunTime:0.000000s ]
INFO: [ app_end ] --END-- [ RunTime:0.000000s ]

[ 2018-08-10T15:36:54+08:00 ] ::1 /index.php?s=/Doc/Feedback/ProductList.html
INFO: [ app_init ] --START--
INFO: Run Behavior\BuildLiteBehavior [ RunTime:0.000000s ]
INFO: [ app_init ] --END-- [ RunTime:0.000000s ]
INFO: [ app_begin ] --START--
INFO: Run Behavior\ReadHtmlCacheBehavior [ RunTime:0.001000s ]
INFO: [ app_begin ] --END-- [ RunTime:0.001000s ]
NOTIC: [8192] mysql_query(): The mysql extension is deprecated and will be removed in the future: use mysqli or PDO instead D:\ProjectDelivery\web\App\Doc\Controller\FeedbackController.class.php 第 10 行.
SQL: select ps.id as psid,ps.name as psname,
		p.id as pid,p.name as pname 
		from product_s ps inner join product p 
		on ps.f_id = p.id 
		where p.is_delete = 0 
		and ps.is_delete = 0 
		ORDER BY ps.id [ RunTime:0.0030s ]
NOTIC: [8] Undefined offset: 53 D:\ProjectDelivery\web\App\Doc\Controller\FeedbackController.class.php 第 56 行.

[ 2018-08-10T15:36:55+08:00 ] ::1 /index.php?s=/Doc/Feedback/SubmitMyFeedback.html&nID=43&oID=53
INFO: [ app_init ] --START--
INFO: Run Behavior\BuildLiteBehavior [ RunTime:0.000000s ]
INFO: [ app_init ] --END-- [ RunTime:0.000000s ]
INFO: [ app_begin ] --START--
INFO: Run Behavior\ReadHtmlCacheBehavior [ RunTime:0.000000s ]
INFO: [ app_begin ] --END-- [ RunTime:0.000000s ]
NOTIC: [8192] mysql_query(): The mysql extension is deprecated and will be removed in the future: use mysqli or PDO instead D:\ProjectDelivery\web\App\Doc\Controller\FeedbackController.class.php 第 10 行.
INFO: [ view_parse ] --START--
INFO: [ template_filter ] --START--
INFO: Run Behavior\ContentReplaceBehavior [ RunTime:0.000000s ]
INFO: [ template_filter ] --END-- [ RunTime:0.000000s ]
INFO: Run Behavior\ParseTemplateBehavior [ RunTime:0.008000s ]
INFO: [ view_parse ] --END-- [ RunTime:0.008000s ]
INFO: [ view_filter ] --START--
INFO: Run Behavior\WriteHtmlCacheBehavior [ RunTime:0.000000s ]
INFO: [ view_filter ] --END-- [ RunTime:0.000000s ]
INFO: [ app_end ] --START--
INFO: Run Behavior\ShowPageTraceBehavior [ RunTime:0.000000s ]
INFO: [ app_end ] --END-- [ RunTime:0.000000s ]

[ 2018-08-10T15:36:55+08:00 ] ::1 /index.php?s=/Doc/Feedback/DropdownBoxList.html
INFO: [ app_init ] --START--
INFO: Run Behavior\BuildLiteBehavior [ RunTime:0.000000s ]
INFO: [ app_init ] --END-- [ RunTime:0.000000s ]
INFO: [ app_begin ] --START--
INFO: Run Behavior\ReadHtmlCacheBehavior [ RunTime:0.001000s ]
INFO: [ app_begin ] --END-- [ RunTime:0.001000s ]
NOTIC: [8192] mysql_query(): The mysql extension is deprecated and will be removed in the future: use mysqli or PDO instead D:\ProjectDelivery\web\App\Doc\Controller\FeedbackController.class.php 第 10 行.
SQL: SELECT id as pc_id,name 
		from problem_classification 
		where is_delete = 0  [ RunTime:0.0080s ]
SQL: SELECT id as ps_id,name 
		from project_source [ RunTime:0.0180s ]

[ 2018-08-10T17:32:27+08:00 ] ::1 /index.php?s=/Doc/BackstageManagement/index.html
INFO: [ app_init ] --START--
INFO: Run Behavior\BuildLiteBehavior [ RunTime:0.000000s ]
INFO: [ app_init ] --END-- [ RunTime:0.000000s ]
INFO: [ app_begin ] --START--
INFO: Run Behavior\ReadHtmlCacheBehavior [ RunTime:0.000000s ]
INFO: [ app_begin ] --END-- [ RunTime:0.000000s ]
INFO: [ view_parse ] --START--
INFO: [ template_filter ] --START--
INFO: Run Behavior\ContentReplaceBehavior [ RunTime:0.000000s ]
INFO: [ template_filter ] --END-- [ RunTime:0.001000s ]
INFO: Run Behavior\ParseTemplateBehavior [ RunTime:0.008001s ]
INFO: [ view_parse ] --END-- [ RunTime:0.008001s ]
INFO: [ view_filter ] --START--
INFO: Run Behavior\WriteHtmlCacheBehavior [ RunTime:0.001000s ]
INFO: [ view_filter ] --END-- [ RunTime:0.001000s ]
INFO: [ app_end ] --START--
INFO: Run Behavior\ShowPageTraceBehavior [ RunTime:0.000000s ]
INFO: [ app_end ] --END-- [ RunTime:0.000000s ]

[ 2018-08-10T17:32:29+08:00 ] ::1 /index.php?s=/Doc/BackstageManagement/problemconfig.html
INFO: [ app_init ] --START--
INFO: Run Behavior\BuildLiteBehavior [ RunTime:0.000000s ]
INFO: [ app_init ] --END-- [ RunTime:0.000000s ]
INFO: [ app_begin ] --START--
INFO: Run Behavior\ReadHtmlCacheBehavior [ RunTime:0.000000s ]
INFO: [ app_begin ] --END-- [ RunTime:0.000000s ]
INFO: [ view_parse ] --START--
INFO: [ template_filter ] --START--
INFO: Run Behavior\ContentReplaceBehavior [ RunTime:0.000000s ]
INFO: [ template_filter ] --END-- [ RunTime:0.000000s ]
INFO: Run Behavior\ParseTemplateBehavior [ RunTime:0.005001s ]
INFO: [ view_parse ] --END-- [ RunTime:0.006001s ]
INFO: [ view_filter ] --START--
INFO: Run Behavior\WriteHtmlCacheBehavior [ RunTime:0.001000s ]
INFO: [ view_filter ] --END-- [ RunTime:0.001000s ]
INFO: [ app_end ] --START--
INFO: Run Behavior\ShowPageTraceBehavior [ RunTime:0.000000s ]
INFO: [ app_end ] --END-- [ RunTime:0.000000s ]

[ 2018-08-10T17:32:29+08:00 ] ::1 /index.php?s=/Doc/BackstageManagement/problem.html
INFO: [ app_init ] --START--
INFO: Run Behavior\BuildLiteBehavior [ RunTime:0.000000s ]
INFO: [ app_init ] --END-- [ RunTime:0.000000s ]
INFO: [ app_begin ] --START--
INFO: Run Behavior\ReadHtmlCacheBehavior [ RunTime:0.001000s ]
INFO: [ app_begin ] --END-- [ RunTime:0.001000s ]
NOTIC: [8192] Non-static method Doc\Model\BackstageManagementModel::problem() should not be called statically, assuming $this from incompatible context D:\deliver\ProjectDelivery\web\App\Doc\Controller\BackstageManagementController.class.php 第 21 行.
SQL:  select * from problem_classification where is_delete =0  [ RunTime:0.0300s ]

[ 2018-08-10T17:32:31+08:00 ] ::1 /index.php?s=/Doc/BackstageManagement/EditProblems.html
INFO: [ app_init ] --START--
INFO: Run Behavior\BuildLiteBehavior [ RunTime:0.000000s ]
INFO: [ app_init ] --END-- [ RunTime:0.000000s ]
INFO: [ app_begin ] --START--
INFO: Run Behavior\ReadHtmlCacheBehavior [ RunTime:0.000000s ]
INFO: [ app_begin ] --END-- [ RunTime:0.000000s ]
INFO: [ view_parse ] --START--
INFO: [ template_filter ] --START--
INFO: Run Behavior\ContentReplaceBehavior [ RunTime:0.000000s ]
INFO: [ template_filter ] --END-- [ RunTime:0.000000s ]
INFO: Run Behavior\ParseTemplateBehavior [ RunTime:0.005000s ]
INFO: [ view_parse ] --END-- [ RunTime:0.005000s ]
INFO: [ view_filter ] --START--
INFO: Run Behavior\WriteHtmlCacheBehavior [ RunTime:0.000000s ]
INFO: [ view_filter ] --END-- [ RunTime:0.000000s ]
INFO: [ app_end ] --START--
INFO: Run Behavior\ShowPageTraceBehavior [ RunTime:0.001000s ]
INFO: [ app_end ] --END-- [ RunTime:0.001000s ]

[ 2018-08-10T17:32:31+08:00 ] ::1 /index.php?s=/Doc/BackstageManagement/UpdateeProblem.html
INFO: [ app_init ] --START--
INFO: Run Behavior\BuildLiteBehavior [ RunTime:0.000000s ]
INFO: [ app_init ] --END-- [ RunTime:0.001000s ]
INFO: [ app_begin ] --START--
INFO: Run Behavior\ReadHtmlCacheBehavior [ RunTime:0.001001s ]
INFO: [ app_begin ] --END-- [ RunTime:0.001001s ]
NOTIC: [8192] Non-static method Doc\Model\BackstageManagementModel::UpdateeProblem() should not be called statically, assuming $this from incompatible context D:\deliver\ProjectDelivery\web\App\Doc\Controller\BackstageManagementController.class.php 第 152 行.
SQL: select name,status,summary from problem_classification where id= '1' and is_delete=0  [ RunTime:0.0300s ]

[ 2018-08-10T17:32:34+08:00 ] ::1 /index.php?s=/Doc/BackstageManagement/EditProblems.html
INFO: [ app_init ] --START--
INFO: Run Behavior\BuildLiteBehavior [ RunTime:0.000000s ]
INFO: [ app_init ] --END-- [ RunTime:0.000000s ]
INFO: [ app_begin ] --START--
INFO: Run Behavior\ReadHtmlCacheBehavior [ RunTime:0.001000s ]
INFO: [ app_begin ] --END-- [ RunTime:0.001000s ]
INFO: [ view_parse ] --START--
INFO: [ template_filter ] --START--
INFO: Run Behavior\ContentReplaceBehavior [ RunTime:0.000000s ]
INFO: [ template_filter ] --END-- [ RunTime:0.000000s ]
INFO: Run Behavior\ParseTemplateBehavior [ RunTime:0.007000s ]
INFO: [ view_parse ] --END-- [ RunTime:0.007000s ]
INFO: [ view_filter ] --START--
INFO: Run Behavior\WriteHtmlCacheBehavior [ RunTime:0.001000s ]
INFO: [ view_filter ] --END-- [ RunTime:0.001000s ]
INFO: [ app_end ] --START--
INFO: Run Behavior\ShowPageTraceBehavior [ RunTime:0.000000s ]
INFO: [ app_end ] --END-- [ RunTime:0.000000s ]

[ 2018-08-10T17:32:34+08:00 ] ::1 /index.php?s=/Doc/BackstageManagement/UpdateeProblem.html
INFO: [ app_init ] --START--
INFO: Run Behavior\BuildLiteBehavior [ RunTime:0.000000s ]
INFO: [ app_init ] --END-- [ RunTime:0.000000s ]
INFO: [ app_begin ] --START--
INFO: Run Behavior\ReadHtmlCacheBehavior [ RunTime:0.000000s ]
INFO: [ app_begin ] --END-- [ RunTime:0.001001s ]
NOTIC: [8192] Non-static method Doc\Model\BackstageManagementModel::UpdateeProblem() should not be called statically, assuming $this from incompatible context D:\deliver\ProjectDelivery\web\App\Doc\Controller\BackstageManagementController.class.php 第 152 行.
SQL: select name,status,summary from problem_classification where id= '2' and is_delete=0  [ RunTime:0.0300s ]

[ 2018-08-10T17:32:36+08:00 ] ::1 /index.php?s=/Doc/BackstageManagement/EditProblems.html
INFO: [ app_init ] --START--
INFO: Run Behavior\BuildLiteBehavior [ RunTime:0.000000s ]
INFO: [ app_init ] --END-- [ RunTime:0.000000s ]
INFO: [ app_begin ] --START--
INFO: Run Behavior\ReadHtmlCacheBehavior [ RunTime:0.000000s ]
INFO: [ app_begin ] --END-- [ RunTime:0.000000s ]
INFO: [ view_parse ] --START--
INFO: [ template_filter ] --START--
INFO: Run Behavior\ContentReplaceBehavior [ RunTime:0.001000s ]
INFO: [ template_filter ] --END-- [ RunTime:0.001000s ]
INFO: Run Behavior\ParseTemplateBehavior [ RunTime:0.018600s ]
INFO: [ view_parse ] --END-- [ RunTime:0.018600s ]
INFO: [ view_filter ] --START--
INFO: Run Behavior\WriteHtmlCacheBehavior [ RunTime:0.000000s ]
INFO: [ view_filter ] --END-- [ RunTime:0.000000s ]
INFO: [ app_end ] --START--
INFO: Run Behavior\ShowPageTraceBehavior [ RunTime:0.001000s ]
INFO: [ app_end ] --END-- [ RunTime:0.001000s ]

[ 2018-08-10T17:32:36+08:00 ] ::1 /index.php?s=/Doc/BackstageManagement/UpdateeProblem.html
INFO: [ app_init ] --START--
INFO: Run Behavior\BuildLiteBehavior [ RunTime:0.000000s ]
INFO: [ app_init ] --END-- [ RunTime:0.000000s ]
INFO: [ app_begin ] --START--
INFO: Run Behavior\ReadHtmlCacheBehavior [ RunTime:0.000000s ]
INFO: [ app_begin ] --END-- [ RunTime:0.000000s ]
NOTIC: [8192] Non-static method Doc\Model\BackstageManagementModel::UpdateeProblem() should not be called statically, assuming $this from incompatible context D:\deliver\ProjectDelivery\web\App\Doc\Controller\BackstageManagementController.class.php 第 152 行.
SQL: select name,status,summary from problem_classification where id= '2' and is_delete=0  [ RunTime:0.0280s ]

[ 2018-08-10T17:32:44+08:00 ] ::1 /index.php?s=/Doc/BackstageManagement/index.html
INFO: [ app_init ] --START--
INFO: Run Behavior\BuildLiteBehavior [ RunTime:0.000000s ]
INFO: [ app_init ] --END-- [ RunTime:0.000000s ]
INFO: [ app_begin ] --START--
INFO: Run Behavior\ReadHtmlCacheBehavior [ RunTime:0.001000s ]
INFO: [ app_begin ] --END-- [ RunTime:0.001000s ]
INFO: [ view_parse ] --START--
INFO: [ template_filter ] --START--
INFO: Run Behavior\ContentReplaceBehavior [ RunTime:0.001000s ]
INFO: [ template_filter ] --END-- [ RunTime:0.001000s ]
INFO: Run Behavior\ParseTemplateBehavior [ RunTime:0.009000s ]
INFO: [ view_parse ] --END-- [ RunTime:0.009000s ]
INFO: [ view_filter ] --START--
INFO: Run Behavior\WriteHtmlCacheBehavior [ RunTime:0.001001s ]
INFO: [ view_filter ] --END-- [ RunTime:0.001001s ]
INFO: [ app_end ] --START--
INFO: Run Behavior\ShowPageTraceBehavior [ RunTime:0.001000s ]
INFO: [ app_end ] --END-- [ RunTime:0.001000s ]

[ 2018-08-10T17:32:44+08:00 ] ::1 /index.php?s=/Doc/BackstageManagement/index.html
INFO: [ app_init ] --START--
INFO: Run Behavior\BuildLiteBehavior [ RunTime:0.000000s ]
INFO: [ app_init ] --END-- [ RunTime:0.001000s ]
INFO: [ app_begin ] --START--
INFO: Run Behavior\ReadHtmlCacheBehavior [ RunTime:0.001000s ]
INFO: [ app_begin ] --END-- [ RunTime:0.001000s ]
INFO: [ view_parse ] --START--
INFO: [ template_filter ] --START--
INFO: Run Behavior\ContentReplaceBehavior [ RunTime:0.000000s ]
INFO: [ template_filter ] --END-- [ RunTime:0.000000s ]
INFO: Run Behavior\ParseTemplateBehavior [ RunTime:0.007001s ]
INFO: [ view_parse ] --END-- [ RunTime:0.007001s ]
INFO: [ view_filter ] --START--
INFO: Run Behavior\WriteHtmlCacheBehavior [ RunTime:0.000000s ]
INFO: [ view_filter ] --END-- [ RunTime:0.000000s ]
INFO: [ app_end ] --START--
INFO: Run Behavior\ShowPageTraceBehavior [ RunTime:0.001000s ]
INFO: [ app_end ] --END-- [ RunTime:0.001000s ]

[ 2018-08-10T17:32:45+08:00 ] ::1 /index.php?s=/Doc/BackstageManagement/index.html
INFO: [ app_init ] --START--
INFO: Run Behavior\BuildLiteBehavior [ RunTime:0.000000s ]
INFO: [ app_init ] --END-- [ RunTime:0.000000s ]
INFO: [ app_begin ] --START--
INFO: Run Behavior\ReadHtmlCacheBehavior [ RunTime:0.001000s ]
INFO: [ app_begin ] --END-- [ RunTime:0.001000s ]
INFO: [ view_parse ] --START--
INFO: [ template_filter ] --START--
INFO: Run Behavior\ContentReplaceBehavior [ RunTime:0.001000s ]
INFO: [ template_filter ] --END-- [ RunTime:0.001000s ]
INFO: Run Behavior\ParseTemplateBehavior [ RunTime:0.008000s ]
INFO: [ view_parse ] --END-- [ RunTime:0.008000s ]
INFO: [ view_filter ] --START--
INFO: Run Behavior\WriteHtmlCacheBehavior [ RunTime:0.000000s ]
INFO: [ view_filter ] --END-- [ RunTime:0.000000s ]
INFO: [ app_end ] --START--
INFO: Run Behavior\ShowPageTraceBehavior [ RunTime:0.000000s ]
INFO: [ app_end ] --END-- [ RunTime:0.000000s ]

[ 2018-08-10T17:32:45+08:00 ] ::1 /index.php?s=/Doc/BackstageManagement/index.html
INFO: [ app_init ] --START--
INFO: Run Behavior\BuildLiteBehavior [ RunTime:0.001000s ]
INFO: [ app_init ] --END-- [ RunTime:0.001000s ]
INFO: [ app_begin ] --START--
INFO: Run Behavior\ReadHtmlCacheBehavior [ RunTime:0.001000s ]
INFO: [ app_begin ] --END-- [ RunTime:0.001000s ]
INFO: [ view_parse ] --START--
INFO: [ template_filter ] --START--
INFO: Run Behavior\ContentReplaceBehavior [ RunTime:0.000000s ]
INFO: [ template_filter ] --END-- [ RunTime:0.000000s ]
INFO: Run Behavior\ParseTemplateBehavior [ RunTime:0.008000s ]
INFO: [ view_parse ] --END-- [ RunTime:0.008000s ]
INFO: [ view_filter ] --START--
INFO: Run Behavior\WriteHtmlCacheBehavior [ RunTime:0.000000s ]
INFO: [ view_filter ] --END-- [ RunTime:0.000000s ]
INFO: [ app_end ] --START--
INFO: Run Behavior\ShowPageTraceBehavior [ RunTime:0.001000s ]
INFO: [ app_end ] --END-- [ RunTime:0.001000s ]

[ 2018-08-10T17:32:45+08:00 ] ::1 /index.php?s=/Doc/BackstageManagement/index.html
INFO: [ app_init ] --START--
INFO: Run Behavior\BuildLiteBehavior [ RunTime:0.000000s ]
INFO: [ app_init ] --END-- [ RunTime:0.000000s ]
INFO: [ app_begin ] --START--
INFO: Run Behavior\ReadHtmlCacheBehavior [ RunTime:0.001000s ]
INFO: [ app_begin ] --END-- [ RunTime:0.001000s ]
INFO: [ view_parse ] --START--
INFO: [ template_filter ] --START--
INFO: Run Behavior\ContentReplaceBehavior [ RunTime:0.000000s ]
INFO: [ template_filter ] --END-- [ RunTime:0.000000s ]
INFO: Run Behavior\ParseTemplateBehavior [ RunTime:0.009000s ]
INFO: [ view_parse ] --END-- [ RunTime:0.009000s ]
INFO: [ view_filter ] --START--
INFO: Run Behavior\WriteHtmlCacheBehavior [ RunTime:0.000000s ]
INFO: [ view_filter ] --END-- [ RunTime:0.000000s ]
INFO: [ app_end ] --START--
INFO: Run Behavior\ShowPageTraceBehavior [ RunTime:0.001001s ]
INFO: [ app_end ] --END-- [ RunTime:0.001001s ]

[ 2018-08-10T17:32:45+08:00 ] ::1 /index.php?s=/Doc/BackstageManagement/index.html
INFO: [ app_init ] --START--
INFO: Run Behavior\BuildLiteBehavior [ RunTime:0.000000s ]
INFO: [ app_init ] --END-- [ RunTime:0.000000s ]
INFO: [ app_begin ] --START--
INFO: Run Behavior\ReadHtmlCacheBehavior [ RunTime:0.000000s ]
INFO: [ app_begin ] --END-- [ RunTime:0.000000s ]
INFO: [ view_parse ] --START--
INFO: [ template_filter ] --START--
INFO: Run Behavior\ContentReplaceBehavior [ RunTime:0.000000s ]
INFO: [ template_filter ] --END-- [ RunTime:0.001000s ]
INFO: Run Behavior\ParseTemplateBehavior [ RunTime:0.008000s ]
INFO: [ view_parse ] --END-- [ RunTime:0.008000s ]
INFO: [ view_filter ] --START--
INFO: Run Behavior\WriteHtmlCacheBehavior [ RunTime:0.001000s ]
INFO: [ view_filter ] --END-- [ RunTime:0.001000s ]
INFO: [ app_end ] --START--
INFO: Run Behavior\ShowPageTraceBehavior [ RunTime:0.001000s ]
INFO: [ app_end ] --END-- [ RunTime:0.001000s ]

[ 2018-08-10T17:32:47+08:00 ] ::1 /index.php?s=/Doc/BackstageManagement/problemconfig.html
INFO: [ app_init ] --START--
INFO: Run Behavior\BuildLiteBehavior [ RunTime:0.000000s ]
INFO: [ app_init ] --END-- [ RunTime:0.001000s ]
INFO: [ app_begin ] --START--
INFO: Run Behavior\ReadHtmlCacheBehavior [ RunTime:0.001001s ]
INFO: [ app_begin ] --END-- [ RunTime:0.001001s ]
INFO: [ view_parse ] --START--
INFO: [ template_filter ] --START--
INFO: Run Behavior\ContentReplaceBehavior [ RunTime:0.000000s ]
INFO: [ template_filter ] --END-- [ RunTime:0.000000s ]
INFO: Run Behavior\ParseTemplateBehavior [ RunTime:0.005000s ]
INFO: [ view_parse ] --END-- [ RunTime:0.005000s ]
INFO: [ view_filter ] --START--
INFO: Run Behavior\WriteHtmlCacheBehavior [ RunTime:0.000000s ]
INFO: [ view_filter ] --END-- [ RunTime:0.000000s ]
INFO: [ app_end ] --START--
INFO: Run Behavior\ShowPageTraceBehavior [ RunTime:0.001000s ]
INFO: [ app_end ] --END-- [ RunTime:0.001000s ]

[ 2018-08-10T17:32:47+08:00 ] ::1 /index.php?s=/Doc/BackstageManagement/problem.html
INFO: [ app_init ] --START--
INFO: Run Behavior\BuildLiteBehavior [ RunTime:0.000000s ]
INFO: [ app_init ] --END-- [ RunTime:0.000000s ]
INFO: [ app_begin ] --START--
INFO: Run Behavior\ReadHtmlCacheBehavior [ RunTime:0.001000s ]
INFO: [ app_begin ] --END-- [ RunTime:0.001000s ]
NOTIC: [8192] Non-static method Doc\Model\BackstageManagementModel::problem() should not be called statically, assuming $this from incompatible context D:\deliver\ProjectDelivery\web\App\Doc\Controller\BackstageManagementController.class.php 第 21 行.
SQL:  select * from problem_classification where is_delete =0  [ RunTime:0.0310s ]

[ 2018-08-10T17:32:48+08:00 ] ::1 /index.php?s=/Doc/BackstageManagement/EditProblems.html
INFO: [ app_init ] --START--
INFO: Run Behavior\BuildLiteBehavior [ RunTime:0.000000s ]
INFO: [ app_init ] --END-- [ RunTime:0.001000s ]
INFO: [ app_begin ] --START--
INFO: Run Behavior\ReadHtmlCacheBehavior [ RunTime:0.001000s ]
INFO: [ app_begin ] --END-- [ RunTime:0.001000s ]
INFO: [ view_parse ] --START--
INFO: [ template_filter ] --START--
INFO: Run Behavior\ContentReplaceBehavior [ RunTime:0.000000s ]
INFO: [ template_filter ] --END-- [ RunTime:0.000000s ]
INFO: Run Behavior\ParseTemplateBehavior [ RunTime:0.005001s ]
INFO: [ view_parse ] --END-- [ RunTime:0.005001s ]
INFO: [ view_filter ] --START--
INFO: Run Behavior\WriteHtmlCacheBehavior [ RunTime:0.000000s ]
INFO: [ view_filter ] --END-- [ RunTime:0.000000s ]
INFO: [ app_end ] --START--
INFO: Run Behavior\ShowPageTraceBehavior [ RunTime:0.000000s ]
INFO: [ app_end ] --END-- [ RunTime:0.000000s ]

[ 2018-08-10T17:32:49+08:00 ] ::1 /index.php?s=/Doc/BackstageManagement/UpdateeProblem.html
INFO: [ app_init ] --START--
INFO: Run Behavior\BuildLiteBehavior [ RunTime:0.000000s ]
INFO: [ app_init ] --END-- [ RunTime:0.000000s ]
INFO: [ app_begin ] --START--
INFO: Run Behavior\ReadHtmlCacheBehavior [ RunTime:0.000000s ]
INFO: [ app_begin ] --END-- [ RunTime:0.001000s ]
NOTIC: [8192] Non-static method Doc\Model\BackstageManagementModel::UpdateeProblem() should not be called statically, assuming $this from incompatible context D:\deliver\ProjectDelivery\web\App\Doc\Controller\BackstageManagementController.class.php 第 152 行.
SQL: select name,status,summary from problem_classification where id= '1' and is_delete=0  [ RunTime:0.0310s ]

[ 2018-08-10T17:32:50+08:00 ] ::1 /index.php?s=/Doc/BackstageManagement/problemconfig.html
INFO: [ app_init ] --START--
INFO: Run Behavior\BuildLiteBehavior [ RunTime:0.000000s ]
INFO: [ app_init ] --END-- [ RunTime:0.000000s ]
INFO: [ app_begin ] --START--
INFO: Run Behavior\ReadHtmlCacheBehavior [ RunTime:0.001000s ]
INFO: [ app_begin ] --END-- [ RunTime:0.001000s ]
INFO: [ view_parse ] --START--
INFO: [ template_filter ] --START--
INFO: Run Behavior\ContentReplaceBehavior [ RunTime:0.001000s ]
INFO: [ template_filter ] --END-- [ RunTime:0.001000s ]
INFO: Run Behavior\ParseTemplateBehavior [ RunTime:0.006000s ]
INFO: [ view_parse ] --END-- [ RunTime:0.006000s ]
INFO: [ view_filter ] --START--
INFO: Run Behavior\WriteHtmlCacheBehavior [ RunTime:0.000000s ]
INFO: [ view_filter ] --END-- [ RunTime:0.000000s ]
INFO: [ app_end ] --START--
INFO: Run Behavior\ShowPageTraceBehavior [ RunTime:0.000000s ]
INFO: [ app_end ] --END-- [ RunTime:0.000000s ]

[ 2018-08-10T17:32:50+08:00 ] ::1 /index.php?s=/Doc/BackstageManagement/problem.html
INFO: [ app_init ] --START--
INFO: Run Behavior\BuildLiteBehavior [ RunTime:0.000000s ]
INFO: [ app_init ] --END-- [ RunTime:0.000000s ]
INFO: [ app_begin ] --START--
INFO: Run Behavior\ReadHtmlCacheBehavior [ RunTime:0.001000s ]
INFO: [ app_begin ] --END-- [ RunTime:0.001000s ]
NOTIC: [8192] Non-static method Doc\Model\BackstageManagementModel::problem() should not be called statically, assuming $this from incompatible context D:\deliver\ProjectDelivery\web\App\Doc\Controller\BackstageManagementController.class.php 第 21 行.
SQL:  select * from problem_classification where is_delete =0  [ RunTime:0.0350s ]

[ 2018-08-10T17:33:21+08:00 ] ::1 /index.php?s=/Doc/BackstageManagement/index.html
INFO: [ app_init ] --START--
INFO: Run Behavior\BuildLiteBehavior [ RunTime:0.000000s ]
INFO: [ app_init ] --END-- [ RunTime:0.000000s ]
INFO: [ app_begin ] --START--
INFO: Run Behavior\ReadHtmlCacheBehavior [ RunTime:0.000000s ]
INFO: [ app_begin ] --END-- [ RunTime:0.000000s ]
INFO: [ view_parse ] --START--
INFO: [ template_filter ] --START--
INFO: Run Behavior\ContentReplaceBehavior [ RunTime:0.001000s ]
INFO: [ template_filter ] --END-- [ RunTime:0.001000s ]
INFO: Run Behavior\ParseTemplateBehavior [ RunTime:0.006001s ]
INFO: [ view_parse ] --END-- [ RunTime:0.006001s ]
INFO: [ view_filter ] --START--
INFO: Run Behavior\WriteHtmlCacheBehavior [ RunTime:0.000000s ]
INFO: [ view_filter ] --END-- [ RunTime:0.000000s ]
INFO: [ app_end ] --START--
INFO: Run Behavior\ShowPageTraceBehavior [ RunTime:0.000000s ]
INFO: [ app_end ] --END-- [ RunTime:0.000000s ]

[ 2018-08-10T17:33:24+08:00 ] ::1 /index.php?s=/Doc/BackstageManagement/problemconfig.html
INFO: [ app_init ] --START--
INFO: Run Behavior\BuildLiteBehavior [ RunTime:0.000000s ]
INFO: [ app_init ] --END-- [ RunTime:0.001000s ]
INFO: [ app_begin ] --START--
INFO: Run Behavior\ReadHtmlCacheBehavior [ RunTime:0.000000s ]
INFO: [ app_begin ] --END-- [ RunTime:0.000000s ]
INFO: [ view_parse ] --START--
INFO: [ template_filter ] --START--
INFO: Run Behavior\ContentReplaceBehavior [ RunTime:0.000000s ]
INFO: [ template_filter ] --END-- [ RunTime:0.000000s ]
INFO: Run Behavior\ParseTemplateBehavior [ RunTime:0.006000s ]
INFO: [ view_parse ] --END-- [ RunTime:0.006000s ]
INFO: [ view_filter ] --START--
INFO: Run Behavior\WriteHtmlCacheBehavior [ RunTime:0.000000s ]
INFO: [ view_filter ] --END-- [ RunTime:0.000000s ]
INFO: [ app_end ] --START--
INFO: Run Behavior\ShowPageTraceBehavior [ RunTime:0.001000s ]
INFO: [ app_end ] --END-- [ RunTime:0.001000s ]

[ 2018-08-10T17:33:24+08:00 ] ::1 /index.php?s=/Doc/BackstageManagement/problem.html
INFO: [ app_init ] --START--
INFO: Run Behavior\BuildLiteBehavior [ RunTime:0.000000s ]
INFO: [ app_init ] --END-- [ RunTime:0.001000s ]
INFO: [ app_begin ] --START--
INFO: Run Behavior\ReadHtmlCacheBehavior [ RunTime:0.001000s ]
INFO: [ app_begin ] --END-- [ RunTime:0.001000s ]
NOTIC: [8192] Non-static method Doc\Model\BackstageManagementModel::problem() should not be called statically, assuming $this from incompatible context D:\deliver\ProjectDelivery\web\App\Doc\Controller\BackstageManagementController.class.php 第 21 行.
SQL:  select * from problem_classification where is_delete =0  [ RunTime:0.0300s ]

[ 2018-08-10T17:33:26+08:00 ] ::1 /index.php?s=/Doc/BackstageManagement/EditProblems.html
INFO: [ app_init ] --START--
INFO: Run Behavior\BuildLiteBehavior [ RunTime:0.000000s ]
INFO: [ app_init ] --END-- [ RunTime:0.000000s ]
INFO: [ app_begin ] --START--
INFO: Run Behavior\ReadHtmlCacheBehavior [ RunTime:0.001000s ]
INFO: [ app_begin ] --END-- [ RunTime:0.001000s ]
INFO: [ view_parse ] --START--
INFO: [ template_filter ] --START--
INFO: Run Behavior\ContentReplaceBehavior [ RunTime:0.000000s ]
INFO: [ template_filter ] --END-- [ RunTime:0.000000s ]
INFO: Run Behavior\ParseTemplateBehavior [ RunTime:0.008001s ]
INFO: [ view_parse ] --END-- [ RunTime:0.008001s ]
INFO: [ view_filter ] --START--
INFO: Run Behavior\WriteHtmlCacheBehavior [ RunTime:0.000000s ]
INFO: [ view_filter ] --END-- [ RunTime:0.000000s ]
INFO: [ app_end ] --START--
INFO: Run Behavior\ShowPageTraceBehavior [ RunTime:0.001000s ]
INFO: [ app_end ] --END-- [ RunTime:0.001000s ]

[ 2018-08-10T17:33:26+08:00 ] ::1 /index.php?s=/Doc/BackstageManagement/UpdateeProblem.html
INFO: [ app_init ] --START--
INFO: Run Behavior\BuildLiteBehavior [ RunTime:0.000000s ]
INFO: [ app_init ] --END-- [ RunTime:0.001000s ]
INFO: [ app_begin ] --START--
INFO: Run Behavior\ReadHtmlCacheBehavior [ RunTime:0.000000s ]
INFO: [ app_begin ] --END-- [ RunTime:0.000000s ]
NOTIC: [8192] Non-static method Doc\Model\BackstageManagementModel::UpdateeProblem() should not be called statically, assuming $this from incompatible context D:\deliver\ProjectDelivery\web\App\Doc\Controller\BackstageManagementController.class.php 第 152 行.
SQL: select name,status,summary from problem_classification where id= '2' and is_delete=0  [ RunTime:0.0320s ]

[ 2018-08-10T17:34:24+08:00 ] ::1 /index.php?s=/Doc/BackstageManagement/index.html
INFO: [ app_init ] --START--
INFO: Run Behavior\BuildLiteBehavior [ RunTime:0.000000s ]
INFO: [ app_init ] --END-- [ RunTime:0.001001s ]
INFO: [ app_begin ] --START--
INFO: Run Behavior\ReadHtmlCacheBehavior [ RunTime:0.000000s ]
INFO: [ app_begin ] --END-- [ RunTime:0.000000s ]
INFO: [ view_parse ] --START--
INFO: [ template_filter ] --START--
INFO: Run Behavior\ContentReplaceBehavior [ RunTime:0.000000s ]
INFO: [ template_filter ] --END-- [ RunTime:0.000000s ]
INFO: Run Behavior\ParseTemplateBehavior [ RunTime:0.006000s ]
INFO: [ view_parse ] --END-- [ RunTime:0.006000s ]
INFO: [ view_filter ] --START--
INFO: Run Behavior\WriteHtmlCacheBehavior [ RunTime:0.000000s ]
INFO: [ view_filter ] --END-- [ RunTime:0.000000s ]
INFO: [ app_end ] --START--
INFO: Run Behavior\ShowPageTraceBehavior [ RunTime:0.000000s ]
INFO: [ app_end ] --END-- [ RunTime:0.000000s ]

[ 2018-08-10T17:34:26+08:00 ] ::1 /index.php?s=/Doc/BackstageManagement/problemconfig.html
INFO: [ app_init ] --START--
INFO: Run Behavior\BuildLiteBehavior [ RunTime:0.000000s ]
INFO: [ app_init ] --END-- [ RunTime:0.001000s ]
INFO: [ app_begin ] --START--
INFO: Run Behavior\ReadHtmlCacheBehavior [ RunTime:0.001000s ]
INFO: [ app_begin ] --END-- [ RunTime:0.001000s ]
INFO: [ view_parse ] --START--
INFO: [ template_filter ] --START--
INFO: Run Behavior\ContentReplaceBehavior [ RunTime:0.001000s ]
INFO: [ template_filter ] --END-- [ RunTime:0.001000s ]
INFO: Run Behavior\ParseTemplateBehavior [ RunTime:0.008000s ]
INFO: [ view_parse ] --END-- [ RunTime:0.008000s ]
INFO: [ view_filter ] --START--
INFO: Run Behavior\WriteHtmlCacheBehavior [ RunTime:0.000000s ]
INFO: [ view_filter ] --END-- [ RunTime:0.000000s ]
INFO: [ app_end ] --START--
INFO: Run Behavior\ShowPageTraceBehavior [ RunTime:0.001000s ]
INFO: [ app_end ] --END-- [ RunTime:0.001000s ]

[ 2018-08-10T17:34:27+08:00 ] ::1 /index.php?s=/Doc/BackstageManagement/problem.html
INFO: [ app_init ] --START--
INFO: Run Behavior\BuildLiteBehavior [ RunTime:0.000000s ]
INFO: [ app_init ] --END-- [ RunTime:0.000000s ]
INFO: [ app_begin ] --START--
INFO: Run Behavior\ReadHtmlCacheBehavior [ RunTime:0.001000s ]
INFO: [ app_begin ] --END-- [ RunTime:0.001000s ]
NOTIC: [8192] Non-static method Doc\Model\BackstageManagementModel::problem() should not be called statically, assuming $this from incompatible context D:\deliver\ProjectDelivery\web\App\Doc\Controller\BackstageManagementController.class.php 第 21 行.
SQL:  select * from problem_classification where is_delete =0  [ RunTime:0.0310s ]

[ 2018-08-10T17:34:28+08:00 ] ::1 /index.php?s=/Doc/BackstageManagement/EditProblems.html
INFO: [ app_init ] --START--
INFO: Run Behavior\BuildLiteBehavior [ RunTime:0.000000s ]
INFO: [ app_init ] --END-- [ RunTime:0.001000s ]
INFO: [ app_begin ] --START--
INFO: Run Behavior\ReadHtmlCacheBehavior [ RunTime:0.001000s ]
INFO: [ app_begin ] --END-- [ RunTime:0.001000s ]
INFO: [ view_parse ] --START--
INFO: [ template_filter ] --START--
INFO: Run Behavior\ContentReplaceBehavior [ RunTime:0.000000s ]
INFO: [ template_filter ] --END-- [ RunTime:0.000000s ]
INFO: Run Behavior\ParseTemplateBehavior [ RunTime:0.006001s ]
INFO: [ view_parse ] --END-- [ RunTime:0.006001s ]
INFO: [ view_filter ] --START--
INFO: Run Behavior\WriteHtmlCacheBehavior [ RunTime:0.000000s ]
INFO: [ view_filter ] --END-- [ RunTime:0.001000s ]
INFO: [ app_end ] --START--
INFO: Run Behavior\ShowPageTraceBehavior [ RunTime:0.000000s ]
INFO: [ app_end ] --END-- [ RunTime:0.000000s ]

[ 2018-08-10T17:34:28+08:00 ] ::1 /index.php?s=/Doc/BackstageManagement/UpdateeProblem.html
INFO: [ app_init ] --START--
INFO: Run Behavior\BuildLiteBehavior [ RunTime:0.000000s ]
INFO: [ app_init ] --END-- [ RunTime:0.001000s ]
INFO: [ app_begin ] --START--
INFO: Run Behavior\ReadHtmlCacheBehavior [ RunTime:0.000000s ]
INFO: [ app_begin ] --END-- [ RunTime:0.000000s ]
NOTIC: [8192] Non-static method Doc\Model\BackstageManagementModel::UpdateeProblem() should not be called statically, assuming $this from incompatible context D:\deliver\ProjectDelivery\web\App\Doc\Controller\BackstageManagementController.class.php 第 152 行.
SQL: select name,status,summary from problem_classification where id= '1' and is_delete=0  [ RunTime:0.0300s ]

[ 2018-08-10T17:34:30+08:00 ] ::1 /index.php?s=/Doc/BackstageManagement/EditProblems.html
INFO: [ app_init ] --START--
INFO: Run Behavior\BuildLiteBehavior [ RunTime:0.000000s ]
INFO: [ app_init ] --END-- [ RunTime:0.000000s ]
INFO: [ app_begin ] --START--
INFO: Run Behavior\ReadHtmlCacheBehavior [ RunTime:0.000000s ]
INFO: [ app_begin ] --END-- [ RunTime:0.000000s ]
INFO: [ view_parse ] --START--
INFO: [ template_filter ] --START--
INFO: Run Behavior\ContentReplaceBehavior [ RunTime:0.000000s ]
INFO: [ template_filter ] --END-- [ RunTime:0.000000s ]
INFO: Run Behavior\ParseTemplateBehavior [ RunTime:0.005000s ]
INFO: [ view_parse ] --END-- [ RunTime:0.005000s ]
INFO: [ view_filter ] --START--
INFO: Run Behavior\WriteHtmlCacheBehavior [ RunTime:0.000000s ]
INFO: [ view_filter ] --END-- [ RunTime:0.001000s ]
INFO: [ app_end ] --START--
INFO: Run Behavior\ShowPageTraceBehavior [ RunTime:0.000000s ]
INFO: [ app_end ] --END-- [ RunTime:0.000000s ]

[ 2018-08-10T17:34:30+08:00 ] ::1 /index.php?s=/Doc/BackstageManagement/UpdateeProblem.html
INFO: [ app_init ] --START--
INFO: Run Behavior\BuildLiteBehavior [ RunTime:0.000000s ]
INFO: [ app_init ] --END-- [ RunTime:0.000000s ]
INFO: [ app_begin ] --START--
INFO: Run Behavior\ReadHtmlCacheBehavior [ RunTime:0.000000s ]
INFO: [ app_begin ] --END-- [ RunTime:0.000000s ]
NOTIC: [8192] Non-static method Doc\Model\BackstageManagementModel::UpdateeProblem() should not be called statically, assuming $this from incompatible context D:\deliver\ProjectDelivery\web\App\Doc\Controller\BackstageManagementController.class.php 第 152 行.
SQL: select name,status,summary from problem_classification where id= '2' and is_delete=0  [ RunTime:0.0300s ]

[ 2018-08-10T17:34:33+08:00 ] ::1 /index.php?s=/Doc/BackstageManagement/EditProblems.html
INFO: [ app_init ] --START--
INFO: Run Behavior\BuildLiteBehavior [ RunTime:0.000000s ]
INFO: [ app_init ] --END-- [ RunTime:0.001000s ]
INFO: [ app_begin ] --START--
INFO: Run Behavior\ReadHtmlCacheBehavior [ RunTime:0.001000s ]
INFO: [ app_begin ] --END-- [ RunTime:0.001000s ]
INFO: [ view_parse ] --START--
INFO: [ template_filter ] --START--
INFO: Run Behavior\ContentReplaceBehavior [ RunTime:0.000000s ]
INFO: [ template_filter ] --END-- [ RunTime:0.000000s ]
INFO: Run Behavior\ParseTemplateBehavior [ RunTime:0.007000s ]
INFO: [ view_parse ] --END-- [ RunTime:0.007000s ]
INFO: [ view_filter ] --START--
INFO: Run Behavior\WriteHtmlCacheBehavior [ RunTime:0.000000s ]
INFO: [ view_filter ] --END-- [ RunTime:0.000000s ]
INFO: [ app_end ] --START--
INFO: Run Behavior\ShowPageTraceBehavior [ RunTime:0.001001s ]
INFO: [ app_end ] --END-- [ RunTime:0.001001s ]

[ 2018-08-10T17:34:33+08:00 ] ::1 /index.php?s=/Doc/BackstageManagement/UpdateeProblem.html
INFO: [ app_init ] --START--
INFO: Run Behavior\BuildLiteBehavior [ RunTime:0.000000s ]
INFO: [ app_init ] --END-- [ RunTime:0.000000s ]
INFO: [ app_begin ] --START--
INFO: Run Behavior\ReadHtmlCacheBehavior [ RunTime:0.000000s ]
INFO: [ app_begin ] --END-- [ RunTime:0.000000s ]
NOTIC: [8192] Non-static method Doc\Model\BackstageManagementModel::UpdateeProblem() should not be called statically, assuming $this from incompatible context D:\deliver\ProjectDelivery\web\App\Doc\Controller\BackstageManagementController.class.php 第 152 行.
SQL: select name,status,summary from problem_classification where id= '2' and is_delete=0  [ RunTime:0.0310s ]

[ 2018-08-10T17:34:35+08:00 ] ::1 /index.php?s=/Doc/BackstageManagement/UpdateProblem.html
INFO: [ app_init ] --START--
INFO: Run Behavior\BuildLiteBehavior [ RunTime:0.000000s ]
INFO: [ app_init ] --END-- [ RunTime:0.000000s ]
INFO: [ app_begin ] --START--
INFO: Run Behavior\ReadHtmlCacheBehavior [ RunTime:0.000000s ]
INFO: [ app_begin ] --END-- [ RunTime:0.000000s ]
NOTIC: [8192] Non-static method Doc\Model\BackstageManagementModel::UpdateProblem() should not be called statically, assuming $this from incompatible context D:\deliver\ProjectDelivery\web\App\Doc\Controller\BackstageManagementController.class.php 第 161 行.
SQL: update problem_classification set name='安装问题',summary='失败了',status='已禁用' where id='2' [ RunTime:0.2670s ]

[ 2018-08-10T17:34:36+08:00 ] ::1 /index.php?s=/Doc/BackstageManagement/problemconfig.html
INFO: [ app_init ] --START--
INFO: Run Behavior\BuildLiteBehavior [ RunTime:0.000000s ]
INFO: [ app_init ] --END-- [ RunTime:0.001000s ]
INFO: [ app_begin ] --START--
INFO: Run Behavior\ReadHtmlCacheBehavior [ RunTime:0.001000s ]
INFO: [ app_begin ] --END-- [ RunTime:0.001000s ]
INFO: [ view_parse ] --START--
INFO: [ template_filter ] --START--
INFO: Run Behavior\ContentReplaceBehavior [ RunTime:0.000000s ]
INFO: [ template_filter ] --END-- [ RunTime:0.000000s ]
INFO: Run Behavior\ParseTemplateBehavior [ RunTime:0.010001s ]
INFO: [ view_parse ] --END-- [ RunTime:0.010001s ]
INFO: [ view_filter ] --START--
INFO: Run Behavior\WriteHtmlCacheBehavior [ RunTime:0.000000s ]
INFO: [ view_filter ] --END-- [ RunTime:0.000000s ]
INFO: [ app_end ] --START--
INFO: Run Behavior\ShowPageTraceBehavior [ RunTime:0.001000s ]
INFO: [ app_end ] --END-- [ RunTime:0.001000s ]

[ 2018-08-10T17:34:36+08:00 ] ::1 /index.php?s=/Doc/BackstageManagement/problem.html
INFO: [ app_init ] --START--
INFO: Run Behavior\BuildLiteBehavior [ RunTime:0.000000s ]
INFO: [ app_init ] --END-- [ RunTime:0.001000s ]
INFO: [ app_begin ] --START--
INFO: Run Behavior\ReadHtmlCacheBehavior [ RunTime:0.000000s ]
INFO: [ app_begin ] --END-- [ RunTime:0.001000s ]
NOTIC: [8192] Non-static method Doc\Model\BackstageManagementModel::problem() should not be called statically, assuming $this from incompatible context D:\deliver\ProjectDelivery\web\App\Doc\Controller\BackstageManagementController.class.php 第 21 行.
SQL:  select * from problem_classification where is_delete =0  [ RunTime:0.0290s ]

[ 2018-08-10T17:34:38+08:00 ] ::1 /index.php?s=/Doc/BackstageManagement/EditProblems.html
INFO: [ app_init ] --START--
INFO: Run Behavior\BuildLiteBehavior [ RunTime:0.000000s ]
INFO: [ app_init ] --END-- [ RunTime:0.001000s ]
INFO: [ app_begin ] --START--
INFO: Run Behavior\ReadHtmlCacheBehavior [ RunTime:0.001000s ]
INFO: [ app_begin ] --END-- [ RunTime:0.001000s ]
INFO: [ view_parse ] --START--
INFO: [ template_filter ] --START--
INFO: Run Behavior\ContentReplaceBehavior [ RunTime:0.000000s ]
INFO: [ template_filter ] --END-- [ RunTime:0.000000s ]
INFO: Run Behavior\ParseTemplateBehavior [ RunTime:0.007001s ]
INFO: [ view_parse ] --END-- [ RunTime:0.007001s ]
INFO: [ view_filter ] --START--
INFO: Run Behavior\WriteHtmlCacheBehavior [ RunTime:0.001000s ]
INFO: [ view_filter ] --END-- [ RunTime:0.001000s ]
INFO: [ app_end ] --START--
INFO: Run Behavior\ShowPageTraceBehavior [ RunTime:0.000000s ]
INFO: [ app_end ] --END-- [ RunTime:0.000000s ]

[ 2018-08-10T17:34:38+08:00 ] ::1 /index.php?s=/Doc/BackstageManagement/UpdateeProblem.html
INFO: [ app_init ] --START--
INFO: Run Behavior\BuildLiteBehavior [ RunTime:0.000000s ]
INFO: [ app_init ] --END-- [ RunTime:0.001000s ]
INFO: [ app_begin ] --START--
INFO: Run Behavior\ReadHtmlCacheBehavior [ RunTime:0.001000s ]
INFO: [ app_begin ] --END-- [ RunTime:0.001000s ]
NOTIC: [8192] Non-static method Doc\Model\BackstageManagementModel::UpdateeProblem() should not be called statically, assuming $this from incompatible context D:\deliver\ProjectDelivery\web\App\Doc\Controller\BackstageManagementController.class.php 第 152 行.
SQL: select name,status,summary from problem_classification where id= '2' and is_delete=0  [ RunTime:0.0300s ]

